[debug] [2018-11-30T08:31:26.475Z] ----------------------------------------------------------------------
[debug] [2018-11-30T08:31:26.477Z] Command:       /usr/local/bin/node /usr/local/bin/firebase use --add
[debug] [2018-11-30T08:31:26.478Z] CLI Version:   6.1.1
[debug] [2018-11-30T08:31:26.478Z] Platform:      darwin
[debug] [2018-11-30T08:31:26.478Z] Node Version:  v11.2.0
[debug] [2018-11-30T08:31:26.479Z] Time:          Fri Nov 30 2018 06:31:26 GMT-0200 (GMT-02:00)
[debug] [2018-11-30T08:31:26.479Z] ----------------------------------------------------------------------
[debug] 
[debug] [2018-11-30T08:31:26.490Z] > command requires scopes: ["email","openid","https://www.googleapis.com/auth/cloudplatformprojects.readonly","https://www.googleapis.com/auth/firebase","https://www.googleapis.com/auth/cloud-platform"]
[debug] [2018-11-30T08:31:26.490Z] > authorizing via signed-in user
[debug] [2018-11-30T08:31:26.493Z] >>> HTTP REQUEST GET https://admin.firebase.com/v1/projects  
 
[debug] [2018-11-30T08:31:27.581Z] <<< HTTP RESPONSE 200
[debug] [2018-11-30T08:31:32.817Z] TypeError: Cannot read property 'short' of undefined
    at Prompt.render (/usr/local/lib/node_modules/firebase-tools/node_modules/inquirer/lib/prompts/list.js:94:69)
    at Prompt.onSubmit (/usr/local/lib/node_modules/firebase-tools/node_modules/inquirer/lib/prompts/list.js:116:8)
    at AnonymousObserver.Rx.AnonymousObserver.AnonymousObserver.next (/usr/local/lib/node_modules/firebase-tools/node_modules/rx-lite/rx.lite.js:1535:12)
    at AnonymousObserver.Rx.internals.AbstractObserver.AbstractObserver.onNext (/usr/local/lib/node_modules/firebase-tools/node_modules/rx-lite/rx.lite.js:1469:31)
    at AnonymousObserver.tryCatcher (/usr/local/lib/node_modules/firebase-tools/node_modules/rx-lite/rx.lite.js:63:31)
    at AutoDetachObserverPrototype.next (/usr/local/lib/node_modules/firebase-tools/node_modules/rx-lite/rx.lite.js:5782:51)
    at AutoDetachObserver.Rx.internals.AbstractObserver.AbstractObserver.onNext (/usr/local/lib/node_modules/firebase-tools/node_modules/rx-lite/rx.lite.js:1469:31)
    at AnonymousObserver._onNext (/usr/local/lib/node_modules/firebase-tools/node_modules/rx-lite/rx.lite.js:4234:13)
    at AnonymousObserver.Rx.AnonymousObserver.AnonymousObserver.next (/usr/local/lib/node_modules/firebase-tools/node_modules/rx-lite/rx.lite.js:1535:12)
    at AnonymousObserver.Rx.internals.AbstractObserver.AbstractObserver.onNext (/usr/local/lib/node_modules/firebase-tools/node_modules/rx-lite/rx.lite.js:1469:31)
[error] 
[error] Error: An unexpected error has occurred.
[debug] [2018-11-30T08:31:37.754Z] ----------------------------------------------------------------------
[debug] [2018-11-30T08:31:37.757Z] Command:       /usr/local/bin/node /usr/local/bin/firebase use --add
[debug] [2018-11-30T08:31:37.757Z] CLI Version:   6.1.1
[debug] [2018-11-30T08:31:37.757Z] Platform:      darwin
[debug] [2018-11-30T08:31:37.757Z] Node Version:  v11.2.0
[debug] [2018-11-30T08:31:37.758Z] Time:          Fri Nov 30 2018 06:31:37 GMT-0200 (GMT-02:00)
[debug] [2018-11-30T08:31:37.758Z] ----------------------------------------------------------------------
[debug] 
[debug] [2018-11-30T08:31:37.768Z] > command requires scopes: ["email","openid","https://www.googleapis.com/auth/cloudplatformprojects.readonly","https://www.googleapis.com/auth/firebase","https://www.googleapis.com/auth/cloud-platform"]
[debug] [2018-11-30T08:31:37.768Z] > authorizing via signed-in user
[debug] [2018-11-30T08:31:37.770Z] >>> HTTP REQUEST GET https://admin.firebase.com/v1/projects  
 
[debug] [2018-11-30T08:31:38.636Z] <<< HTTP RESPONSE 200
[debug] [2018-11-30T08:31:41.193Z] TypeError: Cannot read property 'short' of undefined
    at Prompt.render (/usr/local/lib/node_modules/firebase-tools/node_modules/inquirer/lib/prompts/list.js:94:69)
    at Prompt.onSubmit (/usr/local/lib/node_modules/firebase-tools/node_modules/inquirer/lib/prompts/list.js:116:8)
    at AnonymousObserver.Rx.AnonymousObserver.AnonymousObserver.next (/usr/local/lib/node_modules/firebase-tools/node_modules/rx-lite/rx.lite.js:1535:12)
    at AnonymousObserver.Rx.internals.AbstractObserver.AbstractObserver.onNext (/usr/local/lib/node_modules/firebase-tools/node_modules/rx-lite/rx.lite.js:1469:31)
    at AnonymousObserver.tryCatcher (/usr/local/lib/node_modules/firebase-tools/node_modules/rx-lite/rx.lite.js:63:31)
    at AutoDetachObserverPrototype.next (/usr/local/lib/node_modules/firebase-tools/node_modules/rx-lite/rx.lite.js:5782:51)
    at AutoDetachObserver.Rx.internals.AbstractObserver.AbstractObserver.onNext (/usr/local/lib/node_modules/firebase-tools/node_modules/rx-lite/rx.lite.js:1469:31)
    at AnonymousObserver._onNext (/usr/local/lib/node_modules/firebase-tools/node_modules/rx-lite/rx.lite.js:4234:13)
    at AnonymousObserver.Rx.AnonymousObserver.AnonymousObserver.next (/usr/local/lib/node_modules/firebase-tools/node_modules/rx-lite/rx.lite.js:1535:12)
    at AnonymousObserver.Rx.internals.AbstractObserver.AbstractObserver.onNext (/usr/local/lib/node_modules/firebase-tools/node_modules/rx-lite/rx.lite.js:1469:31)
[error] 
[error] Error: An unexpected error has occurred.
